{"total": {"lines":{"total":121,"covered":49,"skipped":0,"pct":40.49},"statements":{"total":125,"covered":53,"skipped":0,"pct":42.4},"functions":{"total":40,"covered":17,"skipped":0,"pct":42.5},"branches":{"total":36,"covered":8,"skipped":0,"pct":22.22},"branchesTrue":{"total":0,"covered":0,"skipped":0,"pct":"Unknown"}}
,"/src/FingerprintJsProAgent.ts": {"lines":{"total":14,"covered":7,"skipped":0,"pct":50},"functions":{"total":3,"covered":2,"skipped":0,"pct":66.66},"statements":{"total":14,"covered":7,"skipped":0,"pct":50},"branches":{"total":5,"covered":2,"skipped":0,"pct":40}}
,"/src/FingerprintJsProContext.ts": {"lines":{"total":4,"covered":3,"skipped":0,"pct":75},"functions":{"total":1,"covered":0,"skipped":0,"pct":0},"statements":{"total":4,"covered":3,"skipped":0,"pct":75},"branches":{"total":0,"covered":0,"skipped":0,"pct":100}}
,"/src/FingerprintJsProProvider.tsx": {"lines":{"total":15,"covered":14,"skipped":0,"pct":93.33},"functions":{"total":5,"covered":5,"skipped":0,"pct":100},"statements":{"total":15,"covered":14,"skipped":0,"pct":93.33},"branches":{"total":2,"covered":1,"skipped":0,"pct":50}}
,"/src/errors.ts": {"lines":{"total":75,"covered":12,"skipped":0,"pct":16},"functions":{"total":25,"covered":4,"skipped":0,"pct":16},"statements":{"total":75,"covered":12,"skipped":0,"pct":16},"branches":{"total":27,"covered":3,"skipped":0,"pct":11.11}}
,"/src/index.ts": {"lines":{"total":0,"covered":0,"skipped":0,"pct":0},"functions":{"total":0,"covered":0,"skipped":0,"pct":0},"statements":{"total":0,"covered":0,"skipped":0,"pct":0},"branches":{"total":0,"covered":0,"skipped":0,"pct":0}}
,"/src/types.ts": {"lines":{"total":0,"covered":0,"skipped":0,"pct":0},"functions":{"total":0,"covered":0,"skipped":0,"pct":0},"statements":{"total":0,"covered":0,"skipped":0,"pct":0},"branches":{"total":0,"covered":0,"skipped":0,"pct":0}}
,"/src/useVisitorData.ts": {"lines":{"total":13,"covered":13,"skipped":0,"pct":100},"functions":{"total":6,"covered":6,"skipped":0,"pct":100},"statements":{"total":17,"covered":17,"skipped":0,"pct":100},"branches":{"total":2,"covered":2,"skipped":0,"pct":100}}
}
